<?xml version="1.0" encoding="UTF-8"?>
<testng-results skipped="0" failed="0" total="0" passed="0">
  <reporter-output>
  </reporter-output>
  <suite name="Command line suite" duration-ms="2" started-at="2015-05-25T07:21:39Z" finished-at="2015-05-25T07:21:39Z">
    <groups>
    </groups>
    <test name="Command line test" duration-ms="2" started-at="2015-05-25T07:21:39Z" finished-at="2015-05-25T07:21:39Z">
    </test> <!-- Command line test -->
  </suite> <!-- Command line suite -->
</testng-results>
